make all --print-data-base --no-builtin-variables --no-builtin-rules --question
make: *** No rule to make target 'all'.  Stop.

# GNU Make 4.3
# Built for arm-unknown-linux-gnueabihf
# Copyright (C) 1988-2020 Free Software Foundation, Inc.
# License GPLv3+: GNU GPL version 3 or later <http://gnu.org/licenses/gpl.html>
# This is free software: you are free to change and redistribute it.
# There is NO WARRANTY, to the extent permitted by law.

# Make data base, printed on Thu Jun 16 13:55:16 2022

# Variables

# environment
LC_ALL = C
# environment
IDF_PATH = /home/pi/esp/esp-idf
# environment
VSCODE_CWD = /home/pi
# default
MAKE_COMMAND := make
# environment
VSCODE_HANDLES_SIGPIPE = true
# automatic
@D = $(patsubst %/,%,$(dir $@))
# environment
PYENV_SHELL = zsh
# environment
VSCODE_HANDLES_UNCAUGHT_ERRORS = true
# default
.VARIABLES := 
# environment
PWD = /home/pi/kettle-fill
# automatic
%D = $(patsubst %/,%,$(dir $%))
# environment
LSCOLORS = Gxfxcxdxbxegedabagacad
# environment
OLDPWD = /home/pi
# automatic
^D = $(patsubst %/,%,$(dir $^))
# environment
VSCODE_LOG_STACK = false
# automatic
%F = $(notdir $%)
# environment
LANG = C
# default
.LOADED := 
# default
.INCLUDE_DIRS = /usr/local/include /usr/include /usr/include
# makefile
MAKEFLAGS = pqrR
# makefile
CURDIR := /home/pi/kettle-fill
# environment
VSCODE_PIPE_LOGGING = true
# environment
APPLICATION_INSIGHTS_NO_DIAGNOSTIC_CHANNEL = true
# environment
ZSH_TMUX_TERM = screen
# automatic
*D = $(patsubst %/,%,$(dir $*))
# environment
MFLAGS = -pqrR
# default
.SHELLFLAGS := -c
# environment
_ZSH_TMUX_FIXED_CONFIG = /home/pi/.oh-my-zsh/plugins/tmux/tmux.only.conf
# automatic
+D = $(patsubst %/,%,$(dir $+))
# makefile
MAKEFILE_LIST := 
# automatic
@F = $(notdir $@)
# environment
ZSH = /home/pi/.oh-my-zsh
# environment
VSCODE_VERBOSE_LOGGING = true
# environment
XDG_SESSION_TYPE = tty
# automatic
?D = $(patsubst %/,%,$(dir $?))
# automatic
*F = $(notdir $*)
# environment
DBUS_SESSION_BUS_ADDRESS = unix:path=/run/user/1000/bus
# automatic
<D = $(patsubst %/,%,$(dir $<))
# environment
VSCODE_NLS_CONFIG = {"locale":"en","availableLanguages":{}}
# default
MAKE_HOST := arm-unknown-linux-gnueabihf
# makefile
SHELL = /bin/sh
# default
MAKECMDGOALS := all
# environment
PLATFORMIO_CALLER = vscode
# environment
SHLVL = 1
# environment
MAKELEVEL := 0
# default
MAKE = $(MAKE_COMMAND)
# environment
PATH = /home/pi/.vscode-server/bin/30d9c6cd9483b2cc586687151bcbcd635f373630/bin/remote-cli:/home/pi/.pyenv/plugins/pyenv-virtualenv/shims:/home/pi/.pyenv/shims:/home/pi/.pyenv/bin://home/pi/Library/Python/3.9/bin:/home/pi/.poetry/bin:/home/pi/esp/esp-idf/tools:/home/pi/.pyenv/bin:!/usr/bin:/bin:/usr/sbin:/sbin:/home/pi/.local/bin:/home/pi/.pyenv/bin://home/pi/Library/Python/3.9/bin:/home/pi/.poetry/bin:/home/pi/esp/esp-idf/tools:/home/pi/.pyenv/bin:/home/pi/.pyenv/bin://home/pi/Library/Python/3.9/bin:/home/pi/.poetry/bin:/home/pi/esp/esp-idf/tools:/home/pi/.pyenv/bin:/usr/local/bin:/usr/bin:/bin:/usr/games:/home/pi/esp/xtensa-esp32-elf/bin:/home/pi/.platformio/penv/bin:/Applications/Visual Studio Code.app/Contents/Resources/app/bin:/Applications/Visual Studio Code.app/Contents/Resources/app/bin:/home/pi/esp/xtensa-esp32-elf/bin:/home/pi/.platformio/penv/bin:/Applications/Visual Studio Code.app/Contents/Resources/app/bin:/Applications/Visual Studio Code.app/Contents/Resources/app/bin:/home/pi/esp/xtensa-esp32-elf/bin:/home/pi/.platformio/penv/bin:/Applications/Visual Studio Code.app/Contents/Resources/app/bin:/Applications/Visual Studio Code.app/Contents/Resources/app/bin
# default
MAKEFILES := 
# environment
MOTD_SHOWN = pam
# automatic
^F = $(notdir $^)
# environment
PYENV_VIRTUALENV_INIT = 1
# environment
SSH_CLIENT = 192.168.1.101 51654 22
# environment
VSCODE_LOG_NATIVE = false
# automatic
?F = $(notdir $?)
# environment
NO_PROXY = 127.0.0.1
# environment
LS_COLORS = 
# automatic
+F = $(notdir $+)
# environment
LESS = -R
# environment
PYENV_ROOT = /home/pi/.pyenv
# 'override' directive
GNUMAKEFLAGS := 
# environment
BROWSER = /home/pi/.vscode-server/bin/30d9c6cd9483b2cc586687151bcbcd635f373630/bin/helpers/browser.sh
# environment
LOGNAME = pi
# environment
PLATFORMIO_PATH = /home/pi/.platformio/python3/bin:/home/pi/.vscode-server/bin/30d9c6cd9483b2cc586687151bcbcd635f373630/bin/remote-cli:/home/pi/.pyenv/plugins/pyenv-virtualenv/shims:/home/pi/.pyenv/shims:/home/pi/.pyenv/bin://home/pi/Library/Python/3.9/bin:/home/pi/.poetry/bin:/home/pi/esp/esp-idf/tools:/home/pi/.pyenv/bin:!/usr/bin:/bin:/usr/sbin:/sbin:/home/pi/.local/bin:/home/pi/.pyenv/bin://home/pi/Library/Python/3.9/bin:/home/pi/.poetry/bin:/home/pi/esp/esp-idf/tools:/home/pi/.pyenv/bin:/home/pi/.pyenv/bin://home/pi/Library/Python/3.9/bin:/home/pi/.poetry/bin:/home/pi/esp/esp-idf/tools:/home/pi/.pyenv/bin:/usr/local/bin:/usr/bin:/bin:/usr/games:/home/pi/esp/xtensa-esp32-elf/bin:/home/pi/.platformio/penv/bin:/Applications/Visual Studio Code.app/Contents/Resources/app/bin:/Applications/Visual Studio Code.app/Contents/Resources/app/bin:/home/pi/esp/xtensa-esp32-elf/bin:/home/pi/.platformio/penv/bin:/Applications/Visual Studio Code.app/Contents/Resources/app/bin:/Applications/Visual Studio Code.app/Contents/Resources/app/bin:/home/pi/esp/xtensa-esp32-elf/bin:/home/pi/.platformio/penv/bin:/Applications/Visual Studio Code.app/Contents/Resources/app/bin:/Applications/Visual Studio Code.app/Contents/Resources/app/bin
# makefile
.DEFAULT_GOAL := 
# environment
EDITOR = vim
# environment
USER = pi
# default
MAKE_VERSION := 4.3
# environment
VSCODE_EXTHOST_WILL_SEND_SOCKET = true
# environment
PAGER = less
# environment
VSCODE_AGENT_FOLDER = /home/pi/.vscode-server
# environment
_ = /home/pi/.vscode-server/bin/30d9c6cd9483b2cc586687151bcbcd635f373630/node
# environment
XDG_RUNTIME_DIR = /run/user/1000
# environment
VSCODE_IPC_HOOK_CLI = /run/user/1000/vscode-ipc-0834f2ab-0219-405d-aed5-267b898ef359.sock
# environment
XDG_SESSION_CLASS = user
# environment
VSCODE_AMD_ENTRYPOINT = vs/workbench/api/node/extensionHostProcess
# environment
PLATFORMIO_IDE = 2.4.3
# environment
HOME = /home/pi
# environment
XDG_SESSION_ID = 225
# default
.RECIPEPREFIX := 
# automatic
<F = $(notdir $<)
# default
SUFFIXES := 
# default
.FEATURES := target-specific order-only second-expansion else-if shortest-stem undefine oneshell nocomment grouped-target extra-prereqs archives jobserver output-sync check-symlink load
# environment
SSH_CONNECTION = 192.168.1.101 51654 192.168.1.5 22
# variable set hash-table stats:
# Load=83/1024=8%, Rehash=0, Collisions=3/110=3%

# Pattern-specific Variable Values

# No pattern-specific variable values.

# Directories

# . (device 45826, inode 13140): 12 files, no impossibilities.

# 12 files, no impossibilities in 1 directories.

# Implicit Rules

# No implicit rules.

# Files

# Not a target:
Makefile:
#  Implicit rule search has been done.
#  File does not exist.
#  File has been updated.
#  Failed to be updated.

# Not a target:
.DEFAULT:
#  Implicit rule search has not been done.
#  Modification time never checked.
#  File has not been updated.

# Not a target:
all:
#  Command line target.
#  Implicit rule search has been done.
#  File does not exist.
#  File has not been updated.

# Not a target:
makefile:
#  Implicit rule search has been done.
#  File does not exist.
#  File has been updated.
#  Failed to be updated.

# Not a target:
GNUmakefile:
#  Implicit rule search has been done.
#  File does not exist.
#  File has been updated.
#  Failed to be updated.

# files hash-table stats:
# Load=6/1024=1%, Rehash=0, Collisions=0/15=0%
# VPATH Search Paths

# No 'vpath' search paths.

# No general ('VPATH' variable) search path.

# strcache buffers: 1 (0) / strings = 20 / storage = 161 B / avg = 8 B
# current buf: size = 8174 B / used = 161 B / count = 20 / avg = 8 B

# strcache performance: lookups = 23 / hit rate = 13%
# hash-table stats:
# Load=20/8192=0%, Rehash=0, Collisions=0/23=0%
# Finished Make data base on Thu Jun 16 13:55:16 2022

 
